<?xml version="1.0" encoding="UTF-8"?>
<testsuite xmlns:xsi="http://www.w3.org/2001/XMLSchema-instance" xsi:noNamespaceSchemaLocation="https://maven.apache.org/surefire/maven-surefire-plugin/xsd/surefire-test-report.xsd" version="3.0.2" name="com.threatintel.ranking_service.RankingServiceApplicationTests" time="13.006" tests="1" errors="0" skipped="0" failures="0" flakes="0">
  <properties>
[...]
</properties>
  <testcase name="contextLoads" classname="com.threatintel.ranking_service.RankingServiceApplicationTests" time="1.984">
    <system-out><![CDATA[17:37:15.841 [main] INFO org.springframework.test.context.support.AnnotationConfigContextLoaderUtils -- Could not detect default configuration classes for test class [com.threatintel.ranking_service.RankingServiceApplicationTests]: RankingServiceApplicationTests does not declare any static, non-private, non-final, nested classes annotated with @Configuration.
17:37:16.108 [main] INFO org.springframework.boot.test.context.SpringBootTestContextBootstrapper -- Found @SpringBootConfiguration com.threatintel.ranking_service.RankingServiceApplication for test class com.threatintel.ranking_service.RankingServiceApplicationTests
17:37:16.351 [main] INFO org.springframework.test.context.support.AnnotationConfigContextLoaderUtils -- Could not detect default configuration classes for test class [com.threatintel.ranking_service.RankingServiceApplicationTests]: RankingServiceApplicationTests does not declare any static, non-private, non-final, nested classes annotated with @Configuration.
17:37:16.355 [main] INFO org.springframework.boot.test.context.SpringBootTestContextBootstrapper -- Found @SpringBootConfiguration com.threatintel.ranking_service.RankingServiceApplication for test class com.threatintel.ranking_service.RankingServiceApplicationTests

  .   ____          _            __ _ _
 /\\ / ___'_ __ _ _(_)_ __  __ _ \ \ \ \
( ( )\___ | '_ | '_| | '_ \/ _` | \ \ \ \
 \\/  ___)| |_)| | | | | || (_| |  ) ) ) )
  '  |____| .__|_| |_|_| |_\__, | / / / /
 =========|_|==============|___/=/_/_/_/

 :: Spring Boot ::                (v4.0.6)

2026-05-02T17:37:18.323+05:00  INFO 22908 --- [ranking-service] [           main] c.t.r.RankingServiceApplicationTests     : Starting RankingServiceApplicationTests using Java 17.0.16 with PID 22908 (started by Computer Arena in D:\BSSE\6th Semester\SCD\Lab\SCD Code\Spring_Boot\threat-intel-platform\services\ranking-service)
2026-05-02T17:37:18.328+05:00 DEBUG 22908 --- [ranking-service] [           main] c.t.r.RankingServiceApplicationTests     : Running with Spring Boot v4.0.6, Spring v7.0.7
2026-05-02T17:37:18.329+05:00  INFO 22908 --- [ranking-service] [           main] c.t.r.RankingServiceApplicationTests     : No active profile set, falling back to 1 default profile: "default"
2026-05-02T17:37:22.015+05:00  INFO 22908 --- [ranking-service] [           main] o.s.cloud.context.scope.GenericScope     : BeanFactory id=0344063d-5d06-39a5-b45c-e091de9b16e6
2026-05-02T17:37:23.834+05:00  INFO 22908 --- [ranking-service] [           main] o.s.b.a.e.web.EndpointLinksResolver      : Exposing 1 endpoint beneath base path '/actuator'
2026-05-02T17:37:25.769+05:00  INFO 22908 --- [ranking-service] [           main] o.a.kafka.common.config.AbstractConfig   : ConsumerConfig values: 
	allow.auto.create.topics = true
	auto.commit.interval.ms = 5000
	auto.offset.reset = earliest
	bootstrap.servers = [localhost:9092]
	check.crcs = true
	client.dns.lookup = use_all_dns_ips
	client.id = consumer-ranking-group-1
	client.rack = 
	connections.max.idle.ms = 540000
	default.api.timeout.ms = 60000
	enable.auto.commit = false
	enable.metrics.push = true
	exclude.internal.topics = true
	fetch.max.bytes = 52428800
	fetch.max.wait.ms = 500
	fetch.min.bytes = 1
	group.id = ranking-group
	group.instance.id = null
	group.protocol = classic
	group.remote.assignor = null
	heartbeat.interval.ms = 3000
	interceptor.classes = []
	internal.leave.group.on.close = true
	internal.throw.on.fetch.stable.offset.unsupported = false
	isolation.level = read_uncommitted
	key.deserializer = class org.apache.kafka.common.serialization.StringDeserializer
	max.partition.fetch.bytes = 1048576
	max.poll.interval.ms = 300000
	max.poll.records = 500
	metadata.max.age.ms = 300000
	metadata.recovery.rebootstrap.trigger.ms = 300000
	metadata.recovery.strategy = rebootstrap
	metric.reporters = [org.apache.kafka.common.metrics.JmxReporter]
	metrics.num.samples = 2
	metrics.recording.level = INFO
	metrics.sample.window.ms = 30000
	partition.assignment.strategy = [class org.apache.kafka.clients.consumer.RangeAssignor, class org.apache.kafka.clients.consumer.CooperativeStickyAssignor]
	receive.buffer.bytes = 65536
	reconnect.backoff.max.ms = 1000
	reconnect.backoff.ms = 50
	request.timeout.ms = 30000
	retry.backoff.max.ms = 1000
	retry.backoff.ms = 100
	sasl.client.callback.handler.class = null
	sasl.jaas.config = null
	sasl.kerberos.kinit.cmd = /usr/bin/kinit
	sasl.kerberos.min.time.before.relogin = 60000
	sasl.kerberos.service.name = null
	sasl.kerberos.ticket.renew.jitter = 0.05
	sasl.kerberos.ticket.renew.window.factor = 0.8
	sasl.login.callback.handler.class = null
	sasl.login.class = null
	sasl.login.connect.timeout.ms = null
	sasl.login.read.timeout.ms = null
	sasl.login.refresh.buffer.seconds = 300
	sasl.login.refresh.min.period.seconds = 60
	sasl.login.refresh.window.factor = 0.8
	sasl.login.refresh.window.jitter = 0.05
	sasl.login.retry.backoff.max.ms = 10000
	sasl.login.retry.backoff.ms = 100
	sasl.mechanism = GSSAPI
	sasl.oauthbearer.assertion.algorithm = RS256
	sasl.oauthbearer.assertion.claim.aud = null
	sasl.oauthbearer.assertion.claim.exp.seconds = 300
	sasl.oauthbearer.assertion.claim.iss = null
	sasl.oauthbearer.assertion.claim.jti.include = false
	sasl.oauthbearer.assertion.claim.nbf.seconds = 60
	sasl.oauthbearer.assertion.claim.sub = null
	sasl.oauthbearer.assertion.file = null
	sasl.oauthbearer.assertion.private.key.file = null
	sasl.oauthbearer.assertion.private.key.passphrase = null
	sasl.oauthbearer.assertion.template.file = null
	sasl.oauthbearer.client.credentials.client.id = null
	sasl.oauthbearer.client.credentials.client.secret = null
	sasl.oauthbearer.clock.skew.seconds = 30
	sasl.oauthbearer.expected.audience = null
	sasl.oauthbearer.expected.issuer = null
	sasl.oauthbearer.header.urlencode = false
	sasl.oauthbearer.jwks.endpoint.refresh.ms = 3600000
	sasl.oauthbearer.jwks.endpoint.retry.backoff.max.ms = 10000
	sasl.oauthbearer.jwks.endpoint.retry.backoff.ms = 100
	sasl.oauthbearer.jwks.endpoint.url = null
	sasl.oauthbearer.jwt.retriever.class = class org.apache.kafka.common.security.oauthbearer.DefaultJwtRetriever
	sasl.oauthbearer.jwt.validator.class = class org.apache.kafka.common.security.oauthbearer.DefaultJwtValidator
	sasl.oauthbearer.scope = null
	sasl.oauthbearer.scope.claim.name = scope
	sasl.oauthbearer.sub.claim.name = sub
	sasl.oauthbearer.token.endpoint.url = null
	security.protocol = PLAINTEXT
	security.providers = null
	send.buffer.bytes = 131072
	session.timeout.ms = 45000
	share.acknowledgement.mode = implicit
	socket.connection.setup.timeout.max.ms = 30000
	socket.connection.setup.timeout.ms = 10000
	ssl.cipher.suites = null
	ssl.enabled.protocols = [TLSv1.2, TLSv1.3]
	ssl.endpoint.identification.algorithm = https
	ssl.engine.factory.class = null
	ssl.key.password = null
	ssl.keymanager.algorithm = SunX509
	ssl.keystore.certificate.chain = null
	ssl.keystore.key = null
	ssl.keystore.location = null
	ssl.keystore.password = null
	ssl.keystore.type = JKS
	ssl.protocol = TLSv1.3
	ssl.provider = null
	ssl.secure.random.implementation = null
	ssl.trustmanager.algorithm = PKIX
	ssl.truststore.certificates = null
	ssl.truststore.location = null
	ssl.truststore.password = null
	ssl.truststore.type = JKS
	value.deserializer = class org.springframework.kafka.support.serializer.JsonDeserializer

2026-05-02T17:37:25.880+05:00  INFO 22908 --- [ranking-service] [           main] o.a.k.c.t.i.KafkaMetricsCollector        : initializing Kafka metrics collector
2026-05-02T17:37:26.396+05:00  INFO 22908 --- [ranking-service] [           main] o.a.kafka.common.utils.AppInfoParser     : Kafka version: 4.1.2
2026-05-02T17:37:26.397+05:00  INFO 22908 --- [ranking-service] [           main] o.a.kafka.common.utils.AppInfoParser     : Kafka commitId: c82fd9b934b4c1e6
2026-05-02T17:37:26.397+05:00  INFO 22908 --- [ranking-service] [           main] o.a.kafka.common.utils.AppInfoParser     : Kafka startTimeMs: 1777725446392
2026-05-02T17:37:26.405+05:00  INFO 22908 --- [ranking-service] [           main] o.a.k.c.c.i.ClassicKafkaConsumer         : [Consumer clientId=consumer-ranking-group-1, groupId=ranking-group] Subscribed to topic(s): validated-iocs
2026-05-02T17:37:26.460+05:00  INFO 22908 --- [ranking-service] [           main] c.t.r.RankingServiceApplicationTests     : Started RankingServiceApplicationTests in 9.425 seconds (process running for 13.561)
2026-05-02T17:37:27.737+05:00  INFO 22908 --- [ranking-service] [ntainer#0-0-C-1] org.apache.kafka.clients.Metadata        : [Consumer clientId=consumer-ranking-group-1, groupId=ranking-group] Cluster ID: _BvJooLiQQKCityfkJ_suA
2026-05-02T17:37:27.750+05:00  INFO 22908 --- [ranking-service] [ntainer#0-0-C-1] o.a.k.c.c.internals.ConsumerCoordinator  : [Consumer clientId=consumer-ranking-group-1, groupId=ranking-group] Discovered group coordinator localhost:9092 (id: 2147482646 rack: null isFenced: false)
2026-05-02T17:37:27.756+05:00  INFO 22908 --- [ranking-service] [ntainer#0-0-C-1] o.a.k.c.c.internals.ConsumerCoordinator  : [Consumer clientId=consumer-ranking-group-1, groupId=ranking-group] (Re-)joining group
2026-05-02T17:37:27.811+05:00  INFO 22908 --- [ranking-service] [ntainer#0-0-C-1] o.a.k.c.c.internals.ConsumerCoordinator  : [Consumer clientId=consumer-ranking-group-1, groupId=ranking-group] Request joining group due to: need to re-join with the given member-id: consumer-ranking-group-1-e6a9696a-fb60-476e-82ec-8bbeccae52ba
2026-05-02T17:37:27.812+05:00  INFO 22908 --- [ranking-service] [ntainer#0-0-C-1] o.a.k.c.c.internals.ConsumerCoordinator  : [Consumer clientId=consumer-ranking-group-1, groupId=ranking-group] (Re-)joining group
2026-05-02T17:37:27.821+05:00  INFO 22908 --- [ranking-service] [ntainer#0-0-C-1] o.a.k.c.c.internals.ConsumerCoordinator  : [Consumer clientId=consumer-ranking-group-1, groupId=ranking-group] Successfully joined group with generation Generation{generationId=1, memberId='consumer-ranking-group-1-e6a9696a-fb60-476e-82ec-8bbeccae52ba', protocol='range'}
2026-05-02T17:37:27.840+05:00  INFO 22908 --- [ranking-service] [ntainer#0-0-C-1] o.a.k.c.c.internals.ConsumerCoordinator  : [Consumer clientId=consumer-ranking-group-1, groupId=ranking-group] Finished assignment for group at generation 1: {consumer-ranking-group-1-e6a9696a-fb60-476e-82ec-8bbeccae52ba=Assignment(partitions=[validated-iocs-0, validated-iocs-1, validated-iocs-2])}
2026-05-02T17:37:27.856+05:00  INFO 22908 --- [ranking-service] [ntainer#0-0-C-1] o.a.k.c.c.internals.ConsumerCoordinator  : [Consumer clientId=consumer-ranking-group-1, groupId=ranking-group] Successfully synced group in generation Generation{generationId=1, memberId='consumer-ranking-group-1-e6a9696a-fb60-476e-82ec-8bbeccae52ba', protocol='range'}
2026-05-02T17:37:27.858+05:00  INFO 22908 --- [ranking-service] [ntainer#0-0-C-1] o.a.k.c.c.internals.ConsumerCoordinator  : [Consumer clientId=consumer-ranking-group-1, groupId=ranking-group] Notifying assignor about the new Assignment(partitions=[validated-iocs-0, validated-iocs-1, validated-iocs-2])
2026-05-02T17:37:27.863+05:00  INFO 22908 --- [ranking-service] [ntainer#0-0-C-1] k.c.c.i.ConsumerRebalanceListenerInvoker : [Consumer clientId=consumer-ranking-group-1, groupId=ranking-group] Adding newly assigned partitions: [validated-iocs-0, validated-iocs-1, validated-iocs-2]
2026-05-02T17:37:27.882+05:00  INFO 22908 --- [ranking-service] [ntainer#0-0-C-1] o.a.k.c.c.internals.ConsumerCoordinator  : [Consumer clientId=consumer-ranking-group-1, groupId=ranking-group] Found no committed offset for partition validated-iocs-0
2026-05-02T17:37:27.882+05:00  INFO 22908 --- [ranking-service] [ntainer#0-0-C-1] o.a.k.c.c.internals.ConsumerCoordinator  : [Consumer clientId=consumer-ranking-group-1, groupId=ranking-group] Found no committed offset for partition validated-iocs-1
2026-05-02T17:37:27.882+05:00  INFO 22908 --- [ranking-service] [ntainer#0-0-C-1] o.a.k.c.c.internals.ConsumerCoordinator  : [Consumer clientId=consumer-ranking-group-1, groupId=ranking-group] Found no committed offset for partition validated-iocs-2
2026-05-02T17:37:27.926+05:00  INFO 22908 --- [ranking-service] [ntainer#0-0-C-1] o.a.k.c.c.internals.SubscriptionState    : [Consumer clientId=consumer-ranking-group-1, groupId=ranking-group] Resetting offset for partition validated-iocs-0 to position FetchPosition{offset=0, offsetEpoch=Optional.empty, currentLeader=LeaderAndEpoch{leader=Optional[localhost:9092 (id: 1001 rack: null isFenced: false)], epoch=0}}.
2026-05-02T17:37:27.927+05:00  INFO 22908 --- [ranking-service] [ntainer#0-0-C-1] o.a.k.c.c.internals.SubscriptionState    : [Consumer clientId=consumer-ranking-group-1, groupId=ranking-group] Resetting offset for partition validated-iocs-1 to position FetchPosition{offset=0, offsetEpoch=Optional.empty, currentLeader=LeaderAndEpoch{leader=Optional[localhost:9092 (id: 1001 rack: null isFenced: false)], epoch=0}}.
2026-05-02T17:37:27.927+05:00  INFO 22908 --- [ranking-service] [ntainer#0-0-C-1] o.a.k.c.c.internals.SubscriptionState    : [Consumer clientId=consumer-ranking-group-1, groupId=ranking-group] Resetting offset for partition validated-iocs-2 to position FetchPosition{offset=0, offsetEpoch=Optional.empty, currentLeader=LeaderAndEpoch{leader=Optional[localhost:9092 (id: 1001 rack: null isFenced: false)], epoch=0}}.
2026-05-02T17:37:27.930+05:00  INFO 22908 --- [ranking-service] [ntainer#0-0-C-1] o.s.k.l.KafkaMessageListenerContainer    : ranking-group: partitions assigned: [validated-iocs-0, validated-iocs-1, validated-iocs-2]
]]></system-out>
  </testcase>
</testsuite>