<?xml version="1.0" encoding="UTF-8"?>
<testsuite xmlns:xsi="http://www.w3.org/2001/XMLSchema-instance" xsi:noNamespaceSchemaLocation="https://maven.apache.org/surefire/maven-surefire-plugin/xsd/surefire-test-report.xsd" version="3.0.2" name="com.threatintel.processing_service.ProcessingServiceApplicationTests" time="13.538" tests="1" errors="0" skipped="0" failures="0" flakes="0">
  <properties>
[...]
</properties>
  <testcase name="contextLoads" classname="com.threatintel.processing_service.ProcessingServiceApplicationTests" time="2.409">
    <system-out><![CDATA[17:06:22.888 [main] INFO org.springframework.test.context.support.AnnotationConfigContextLoaderUtils -- Could not detect default configuration classes for test class [com.threatintel.processing_service.ProcessingServiceApplicationTests]: ProcessingServiceApplicationTests does not declare any static, non-private, non-final, nested classes annotated with @Configuration.
17:06:23.163 [main] INFO org.springframework.boot.test.context.SpringBootTestContextBootstrapper -- Found @SpringBootConfiguration com.threatintel.processing_service.ProcessingServiceApplication for test class com.threatintel.processing_service.ProcessingServiceApplicationTests
17:06:23.393 [main] INFO org.springframework.test.context.support.AnnotationConfigContextLoaderUtils -- Could not detect default configuration classes for test class [com.threatintel.processing_service.ProcessingServiceApplicationTests]: ProcessingServiceApplicationTests does not declare any static, non-private, non-final, nested classes annotated with @Configuration.
17:06:23.398 [main] INFO org.springframework.boot.test.context.SpringBootTestContextBootstrapper -- Found @SpringBootConfiguration com.threatintel.processing_service.ProcessingServiceApplication for test class com.threatintel.processing_service.ProcessingServiceApplicationTests

  .   ____          _            __ _ _
 /\\ / ___'_ __ _ _(_)_ __  __ _ \ \ \ \
( ( )\___ | '_ | '_| | '_ \/ _` | \ \ \ \
 \\/  ___)| |_)| | | | | || (_| |  ) ) ) )
  '  |____| .__|_| |_|_| |_\__, | / / / /
 =========|_|==============|___/=/_/_/_/

 :: Spring Boot ::                (v4.0.6)

2026-05-02T17:06:24.857+05:00  INFO 18512 --- [processing-service] [           main] c.t.p.ProcessingServiceApplicationTests  : Starting ProcessingServiceApplicationTests using Java 17.0.16 with PID 18512 (started by Computer Arena in D:\BSSE\6th Semester\SCD\Lab\SCD Code\Spring_Boot\threat-intel-platform\services\processing-service)
2026-05-02T17:06:24.860+05:00 DEBUG 18512 --- [processing-service] [           main] c.t.p.ProcessingServiceApplicationTests  : Running with Spring Boot v4.0.6, Spring v7.0.7
2026-05-02T17:06:24.863+05:00  INFO 18512 --- [processing-service] [           main] c.t.p.ProcessingServiceApplicationTests  : No active profile set, falling back to 1 default profile: "default"
2026-05-02T17:06:27.055+05:00  INFO 18512 --- [processing-service] [           main] .s.d.r.c.RepositoryConfigurationDelegate : Multiple Spring Data modules found, entering strict repository configuration mode
2026-05-02T17:06:27.065+05:00  INFO 18512 --- [processing-service] [           main] .s.d.r.c.RepositoryConfigurationDelegate : Bootstrapping Spring Data Redis repositories in DEFAULT mode.
2026-05-02T17:06:27.196+05:00  INFO 18512 --- [processing-service] [           main] .s.d.r.c.RepositoryConfigurationDelegate : Finished Spring Data repository scanning in 57 ms. Found 0 Redis repository interfaces.
2026-05-02T17:06:32.803+05:00  INFO 18512 --- [processing-service] [           main] o.a.kafka.common.config.AbstractConfig   : ConsumerConfig values: 
	allow.auto.create.topics = true
	auto.commit.interval.ms = 5000
	auto.offset.reset = latest
	bootstrap.servers = [localhost:9092]
	check.crcs = true
	client.dns.lookup = use_all_dns_ips
	client.id = consumer-processing-group-1
	client.rack = 
	connections.max.idle.ms = 540000
	default.api.timeout.ms = 60000
	enable.auto.commit = false
	enable.metrics.push = true
	exclude.internal.topics = true
	fetch.max.bytes = 52428800
	fetch.max.wait.ms = 500
	fetch.min.bytes = 1
	group.id = processing-group
	group.instance.id = null
	group.protocol = classic
	group.remote.assignor = null
	heartbeat.interval.ms = 3000
	interceptor.classes = []
	internal.leave.group.on.close = true
	internal.throw.on.fetch.stable.offset.unsupported = false
	isolation.level = read_uncommitted
	key.deserializer = class org.apache.kafka.common.serialization.StringDeserializer
	max.partition.fetch.bytes = 1048576
	max.poll.interval.ms = 300000
	max.poll.records = 500
	metadata.max.age.ms = 300000
	metadata.recovery.rebootstrap.trigger.ms = 300000
	metadata.recovery.strategy = rebootstrap
	metric.reporters = [org.apache.kafka.common.metrics.JmxReporter]
	metrics.num.samples = 2
	metrics.recording.level = INFO
	metrics.sample.window.ms = 30000
	partition.assignment.strategy = [class org.apache.kafka.clients.consumer.RangeAssignor, class org.apache.kafka.clients.consumer.CooperativeStickyAssignor]
	receive.buffer.bytes = 65536
	reconnect.backoff.max.ms = 1000
	reconnect.backoff.ms = 50
	request.timeout.ms = 30000
	retry.backoff.max.ms = 1000
	retry.backoff.ms = 100
	sasl.client.callback.handler.class = null
	sasl.jaas.config = null
	sasl.kerberos.kinit.cmd = /usr/bin/kinit
	sasl.kerberos.min.time.before.relogin = 60000
	sasl.kerberos.service.name = null
	sasl.kerberos.ticket.renew.jitter = 0.05
	sasl.kerberos.ticket.renew.window.factor = 0.8
	sasl.login.callback.handler.class = null
	sasl.login.class = null
	sasl.login.connect.timeout.ms = null
	sasl.login.read.timeout.ms = null
	sasl.login.refresh.buffer.seconds = 300
	sasl.login.refresh.min.period.seconds = 60
	sasl.login.refresh.window.factor = 0.8
	sasl.login.refresh.window.jitter = 0.05
	sasl.login.retry.backoff.max.ms = 10000
	sasl.login.retry.backoff.ms = 100
	sasl.mechanism = GSSAPI
	sasl.oauthbearer.assertion.algorithm = RS256
	sasl.oauthbearer.assertion.claim.aud = null
	sasl.oauthbearer.assertion.claim.exp.seconds = 300
	sasl.oauthbearer.assertion.claim.iss = null
	sasl.oauthbearer.assertion.claim.jti.include = false
	sasl.oauthbearer.assertion.claim.nbf.seconds = 60
	sasl.oauthbearer.assertion.claim.sub = null
	sasl.oauthbearer.assertion.file = null
	sasl.oauthbearer.assertion.private.key.file = null
	sasl.oauthbearer.assertion.private.key.passphrase = null
	sasl.oauthbearer.assertion.template.file = null
	sasl.oauthbearer.client.credentials.client.id = null
	sasl.oauthbearer.client.credentials.client.secret = null
	sasl.oauthbearer.clock.skew.seconds = 30
	sasl.oauthbearer.expected.audience = null
	sasl.oauthbearer.expected.issuer = null
	sasl.oauthbearer.header.urlencode = false
	sasl.oauthbearer.jwks.endpoint.refresh.ms = 3600000
	sasl.oauthbearer.jwks.endpoint.retry.backoff.max.ms = 10000
	sasl.oauthbearer.jwks.endpoint.retry.backoff.ms = 100
	sasl.oauthbearer.jwks.endpoint.url = null
	sasl.oauthbearer.jwt.retriever.class = class org.apache.kafka.common.security.oauthbearer.DefaultJwtRetriever
	sasl.oauthbearer.jwt.validator.class = class org.apache.kafka.common.security.oauthbearer.DefaultJwtValidator
	sasl.oauthbearer.scope = null
	sasl.oauthbearer.scope.claim.name = scope
	sasl.oauthbearer.sub.claim.name = sub
	sasl.oauthbearer.token.endpoint.url = null
	security.protocol = PLAINTEXT
	security.providers = null
	send.buffer.bytes = 131072
	session.timeout.ms = 45000
	share.acknowledgement.mode = implicit
	socket.connection.setup.timeout.max.ms = 30000
	socket.connection.setup.timeout.ms = 10000
	ssl.cipher.suites = null
	ssl.enabled.protocols = [TLSv1.2, TLSv1.3]
	ssl.endpoint.identification.algorithm = https
	ssl.engine.factory.class = null
	ssl.key.password = null
	ssl.keymanager.algorithm = SunX509
	ssl.keystore.certificate.chain = null
	ssl.keystore.key = null
	ssl.keystore.location = null
	ssl.keystore.password = null
	ssl.keystore.type = JKS
	ssl.protocol = TLSv1.3
	ssl.provider = null
	ssl.secure.random.implementation = null
	ssl.trustmanager.algorithm = PKIX
	ssl.truststore.certificates = null
	ssl.truststore.location = null
	ssl.truststore.password = null
	ssl.truststore.type = JKS
	value.deserializer = class org.springframework.kafka.support.serializer.JsonDeserializer

2026-05-02T17:06:32.958+05:00  INFO 18512 --- [processing-service] [           main] o.a.k.c.t.i.KafkaMetricsCollector        : initializing Kafka metrics collector
2026-05-02T17:06:33.708+05:00  INFO 18512 --- [processing-service] [           main] o.a.kafka.common.utils.AppInfoParser     : Kafka version: 4.1.2
2026-05-02T17:06:33.709+05:00  INFO 18512 --- [processing-service] [           main] o.a.kafka.common.utils.AppInfoParser     : Kafka commitId: c82fd9b934b4c1e6
2026-05-02T17:06:33.710+05:00  INFO 18512 --- [processing-service] [           main] o.a.kafka.common.utils.AppInfoParser     : Kafka startTimeMs: 1777723593703
2026-05-02T17:06:33.719+05:00  INFO 18512 --- [processing-service] [           main] o.a.k.c.c.i.ClassicKafkaConsumer         : [Consumer clientId=consumer-processing-group-1, groupId=processing-group] Subscribed to topic(s): enriched-iocs
2026-05-02T17:06:33.766+05:00  INFO 18512 --- [processing-service] [           main] c.t.p.ProcessingServiceApplicationTests  : Started ProcessingServiceApplicationTests in 10.149 seconds (process running for 13.213)
2026-05-02T17:06:35.446+05:00  INFO 18512 --- [processing-service] [ntainer#0-0-C-1] org.apache.kafka.clients.Metadata        : [Consumer clientId=consumer-processing-group-1, groupId=processing-group] Cluster ID: _BvJooLiQQKCityfkJ_suA
2026-05-02T17:06:35.464+05:00  INFO 18512 --- [processing-service] [ntainer#0-0-C-1] o.a.k.c.c.internals.ConsumerCoordinator  : [Consumer clientId=consumer-processing-group-1, groupId=processing-group] Discovered group coordinator localhost:9092 (id: 2147482646 rack: null isFenced: false)
2026-05-02T17:06:35.476+05:00  INFO 18512 --- [processing-service] [ntainer#0-0-C-1] o.a.k.c.c.internals.ConsumerCoordinator  : [Consumer clientId=consumer-processing-group-1, groupId=processing-group] (Re-)joining group
2026-05-02T17:06:35.535+05:00  INFO 18512 --- [processing-service] [ntainer#0-0-C-1] o.a.k.c.c.internals.ConsumerCoordinator  : [Consumer clientId=consumer-processing-group-1, groupId=processing-group] Request joining group due to: need to re-join with the given member-id: consumer-processing-group-1-177e2ed8-4d88-4a4e-957e-b70667fd7004
2026-05-02T17:06:35.537+05:00  INFO 18512 --- [processing-service] [ntainer#0-0-C-1] o.a.k.c.c.internals.ConsumerCoordinator  : [Consumer clientId=consumer-processing-group-1, groupId=processing-group] (Re-)joining group
2026-05-02T17:06:35.554+05:00  INFO 18512 --- [processing-service] [ntainer#0-0-C-1] o.a.k.c.c.internals.ConsumerCoordinator  : [Consumer clientId=consumer-processing-group-1, groupId=processing-group] Successfully joined group with generation Generation{generationId=3, memberId='consumer-processing-group-1-177e2ed8-4d88-4a4e-957e-b70667fd7004', protocol='range'}
2026-05-02T17:06:35.585+05:00  INFO 18512 --- [processing-service] [ntainer#0-0-C-1] o.a.k.c.c.internals.ConsumerCoordinator  : [Consumer clientId=consumer-processing-group-1, groupId=processing-group] Finished assignment for group at generation 3: {consumer-processing-group-1-177e2ed8-4d88-4a4e-957e-b70667fd7004=Assignment(partitions=[enriched-iocs-0, enriched-iocs-1, enriched-iocs-2])}
2026-05-02T17:06:35.605+05:00  INFO 18512 --- [processing-service] [ntainer#0-0-C-1] o.a.k.c.c.internals.ConsumerCoordinator  : [Consumer clientId=consumer-processing-group-1, groupId=processing-group] Successfully synced group in generation Generation{generationId=3, memberId='consumer-processing-group-1-177e2ed8-4d88-4a4e-957e-b70667fd7004', protocol='range'}
2026-05-02T17:06:35.607+05:00  INFO 18512 --- [processing-service] [ntainer#0-0-C-1] o.a.k.c.c.internals.ConsumerCoordinator  : [Consumer clientId=consumer-processing-group-1, groupId=processing-group] Notifying assignor about the new Assignment(partitions=[enriched-iocs-0, enriched-iocs-1, enriched-iocs-2])
2026-05-02T17:06:35.615+05:00  INFO 18512 --- [processing-service] [ntainer#0-0-C-1] k.c.c.i.ConsumerRebalanceListenerInvoker : [Consumer clientId=consumer-processing-group-1, groupId=processing-group] Adding newly assigned partitions: [enriched-iocs-0, enriched-iocs-1, enriched-iocs-2]
2026-05-02T17:06:35.653+05:00  INFO 18512 --- [processing-service] [ntainer#0-0-C-1] o.a.k.c.c.internals.ConsumerUtils        : Setting offset for partition enriched-iocs-0 to the committed offset FetchPosition{offset=0, offsetEpoch=Optional.empty, currentLeader=LeaderAndEpoch{leader=Optional[localhost:9092 (id: 1001 rack: null isFenced: false)], epoch=0}}
2026-05-02T17:06:35.663+05:00  INFO 18512 --- [processing-service] [ntainer#0-0-C-1] o.a.k.c.c.internals.ConsumerUtils        : Setting offset for partition enriched-iocs-2 to the committed offset FetchPosition{offset=0, offsetEpoch=Optional.empty, currentLeader=LeaderAndEpoch{leader=Optional[localhost:9092 (id: 1001 rack: null isFenced: false)], epoch=0}}
2026-05-02T17:06:35.664+05:00  INFO 18512 --- [processing-service] [ntainer#0-0-C-1] o.a.k.c.c.internals.ConsumerUtils        : Setting offset for partition enriched-iocs-1 to the committed offset FetchPosition{offset=1, offsetEpoch=Optional.empty, currentLeader=LeaderAndEpoch{leader=Optional[localhost:9092 (id: 1001 rack: null isFenced: false)], epoch=0}}
2026-05-02T17:06:35.669+05:00  INFO 18512 --- [processing-service] [ntainer#0-0-C-1] o.s.k.l.KafkaMessageListenerContainer    : processing-group: partitions assigned: [enriched-iocs-0, enriched-iocs-1, enriched-iocs-2]
]]></system-out>
  </testcase>
</testsuite>