<?xml version="1.0" encoding="UTF-8"?>
<testsuite xmlns:xsi="http://www.w3.org/2001/XMLSchema-instance" xsi:noNamespaceSchemaLocation="https://maven.apache.org/surefire/maven-surefire-plugin/xsd/surefire-test-report-3.0.xsd" version="3.0" name="com.threatintel.extraction_service.ExtractionServiceApplicationTests" time="14.99" tests="1" errors="0" skipped="0" failures="0">
  <properties>
[...]
</properties>
  <testcase name="contextLoads" classname="com.threatintel.extraction_service.ExtractionServiceApplicationTests" time="3.521">
    <system-out><![CDATA[16:19:40.131 [main] INFO org.springframework.test.context.support.AnnotationConfigContextLoaderUtils -- Could not detect default configuration classes for test class [com.threatintel.extraction_service.ExtractionServiceApplicationTests]: ExtractionServiceApplicationTests does not declare any static, non-private, non-final, nested classes annotated with @Configuration.
16:19:40.557 [main] INFO org.springframework.boot.test.context.SpringBootTestContextBootstrapper -- Found @SpringBootConfiguration com.threatintel.extraction_service.ExtractionServiceApplication for test class com.threatintel.extraction_service.ExtractionServiceApplicationTests

  .   ____          _            __ _ _
 /\\ / ___'_ __ _ _(_)_ __  __ _ \ \ \ \
( ( )\___ | '_ | '_| | '_ \/ _` | \ \ \ \
 \\/  ___)| |_)| | | | | || (_| |  ) ) ) )
  '  |____| .__|_| |_|_| |_\__, | / / / /
 =========|_|==============|___/=/_/_/_/
 :: Spring Boot ::                (v3.1.5)

2026-05-02T16:19:42.774+05:00  INFO 13400 --- [           main] c.t.e.ExtractionServiceApplicationTests  : Starting ExtractionServiceApplicationTests using Java 17.0.16 with PID 13400 (started by Computer Arena in D:\BSSE\6th Semester\SCD\Lab\SCD Code\Spring_Boot\threat-intel-platform\services\extraction-service)
2026-05-02T16:19:42.780+05:00 DEBUG 13400 --- [           main] c.t.e.ExtractionServiceApplicationTests  : Running with Spring Boot v3.1.5, Spring v6.0.13
2026-05-02T16:19:42.783+05:00  INFO 13400 --- [           main] c.t.e.ExtractionServiceApplicationTests  : No active profile set, falling back to 1 default profile: "default"
2026-05-02T16:19:49.307+05:00  INFO 13400 --- [           main] o.s.b.a.e.web.EndpointLinksResolver      : Exposing 1 endpoint(s) beneath base path '/actuator'
2026-05-02T16:19:50.005+05:00  INFO 13400 --- [           main] o.a.k.clients.consumer.ConsumerConfig    : ConsumerConfig values: 
	allow.auto.create.topics = true
	auto.commit.interval.ms = 5000
	auto.include.jmx.reporter = true
	auto.offset.reset = earliest
	bootstrap.servers = [localhost:9092]
	check.crcs = true
	client.dns.lookup = use_all_dns_ips
	client.id = consumer-extraction-service-group-1
	client.rack = 
	connections.max.idle.ms = 540000
	default.api.timeout.ms = 60000
	enable.auto.commit = false
	exclude.internal.topics = true
	fetch.max.bytes = 52428800
	fetch.max.wait.ms = 500
	fetch.min.bytes = 1
	group.id = extraction-service-group
	group.instance.id = null
	heartbeat.interval.ms = 3000
	interceptor.classes = []
	internal.leave.group.on.close = true
	internal.throw.on.fetch.stable.offset.unsupported = false
	isolation.level = read_uncommitted
	key.deserializer = class org.apache.kafka.common.serialization.StringDeserializer
	max.partition.fetch.bytes = 1048576
	max.poll.interval.ms = 300000
	max.poll.records = 500
	metadata.max.age.ms = 300000
	metric.reporters = []
	metrics.num.samples = 2
	metrics.recording.level = INFO
	metrics.sample.window.ms = 30000
	partition.assignment.strategy = [class org.apache.kafka.clients.consumer.RangeAssignor, class org.apache.kafka.clients.consumer.CooperativeStickyAssignor]
	receive.buffer.bytes = 65536
	reconnect.backoff.max.ms = 1000
	reconnect.backoff.ms = 50
	request.timeout.ms = 30000
	retry.backoff.ms = 100
	sasl.client.callback.handler.class = null
	sasl.jaas.config = null
	sasl.kerberos.kinit.cmd = /usr/bin/kinit
	sasl.kerberos.min.time.before.relogin = 60000
	sasl.kerberos.service.name = null
	sasl.kerberos.ticket.renew.jitter = 0.05
	sasl.kerberos.ticket.renew.window.factor = 0.8
	sasl.login.callback.handler.class = null
	sasl.login.class = null
	sasl.login.connect.timeout.ms = null
	sasl.login.read.timeout.ms = null
	sasl.login.refresh.buffer.seconds = 300
	sasl.login.refresh.min.period.seconds = 60
	sasl.login.refresh.window.factor = 0.8
	sasl.login.refresh.window.jitter = 0.05
	sasl.login.retry.backoff.max.ms = 10000
	sasl.login.retry.backoff.ms = 100
	sasl.mechanism = GSSAPI
	sasl.oauthbearer.clock.skew.seconds = 30
	sasl.oauthbearer.expected.audience = null
	sasl.oauthbearer.expected.issuer = null
	sasl.oauthbearer.jwks.endpoint.refresh.ms = 3600000
	sasl.oauthbearer.jwks.endpoint.retry.backoff.max.ms = 10000
	sasl.oauthbearer.jwks.endpoint.retry.backoff.ms = 100
	sasl.oauthbearer.jwks.endpoint.url = null
	sasl.oauthbearer.scope.claim.name = scope
	sasl.oauthbearer.sub.claim.name = sub
	sasl.oauthbearer.token.endpoint.url = null
	security.protocol = PLAINTEXT
	security.providers = null
	send.buffer.bytes = 131072
	session.timeout.ms = 45000
	socket.connection.setup.timeout.max.ms = 30000
	socket.connection.setup.timeout.ms = 10000
	ssl.cipher.suites = null
	ssl.enabled.protocols = [TLSv1.2, TLSv1.3]
	ssl.endpoint.identification.algorithm = https
	ssl.engine.factory.class = null
	ssl.key.password = null
	ssl.keymanager.algorithm = SunX509
	ssl.keystore.certificate.chain = null
	ssl.keystore.key = null
	ssl.keystore.location = null
	ssl.keystore.password = null
	ssl.keystore.type = JKS
	ssl.protocol = TLSv1.3
	ssl.provider = null
	ssl.secure.random.implementation = null
	ssl.trustmanager.algorithm = PKIX
	ssl.truststore.certificates = null
	ssl.truststore.location = null
	ssl.truststore.password = null
	ssl.truststore.type = JKS
	value.deserializer = class org.springframework.kafka.support.serializer.JsonDeserializer

2026-05-02T16:19:50.886+05:00  INFO 13400 --- [           main] o.a.kafka.common.utils.AppInfoParser     : Kafka version: 3.6.0
2026-05-02T16:19:50.889+05:00  INFO 13400 --- [           main] o.a.kafka.common.utils.AppInfoParser     : Kafka commitId: 60e845626d8a465a
2026-05-02T16:19:50.890+05:00  INFO 13400 --- [           main] o.a.kafka.common.utils.AppInfoParser     : Kafka startTimeMs: 1777720790881
2026-05-02T16:19:50.899+05:00  INFO 13400 --- [           main] o.a.k.clients.consumer.KafkaConsumer     : [Consumer clientId=consumer-extraction-service-group-1, groupId=extraction-service-group] Subscribed to topic(s): raw-threat-data
2026-05-02T16:19:50.934+05:00  INFO 13400 --- [           main] o.a.k.clients.consumer.ConsumerConfig    : ConsumerConfig values: 
	allow.auto.create.topics = true
	auto.commit.interval.ms = 5000
	auto.include.jmx.reporter = true
	auto.offset.reset = earliest
	bootstrap.servers = [localhost:9092]
	check.crcs = true
	client.dns.lookup = use_all_dns_ips
	client.id = consumer-extraction-service-group-2
	client.rack = 
	connections.max.idle.ms = 540000
	default.api.timeout.ms = 60000
	enable.auto.commit = false
	exclude.internal.topics = true
	fetch.max.bytes = 52428800
	fetch.max.wait.ms = 500
	fetch.min.bytes = 1
	group.id = extraction-service-group
	group.instance.id = null
	heartbeat.interval.ms = 3000
	interceptor.classes = []
	internal.leave.group.on.close = true
	internal.throw.on.fetch.stable.offset.unsupported = false
	isolation.level = read_uncommitted
	key.deserializer = class org.apache.kafka.common.serialization.StringDeserializer
	max.partition.fetch.bytes = 1048576
	max.poll.interval.ms = 300000
	max.poll.records = 500
	metadata.max.age.ms = 300000
	metric.reporters = []
	metrics.num.samples = 2
	metrics.recording.level = INFO
	metrics.sample.window.ms = 30000
	partition.assignment.strategy = [class org.apache.kafka.clients.consumer.RangeAssignor, class org.apache.kafka.clients.consumer.CooperativeStickyAssignor]
	receive.buffer.bytes = 65536
	reconnect.backoff.max.ms = 1000
	reconnect.backoff.ms = 50
	request.timeout.ms = 30000
	retry.backoff.ms = 100
	sasl.client.callback.handler.class = null
	sasl.jaas.config = null
	sasl.kerberos.kinit.cmd = /usr/bin/kinit
	sasl.kerberos.min.time.before.relogin = 60000
	sasl.kerberos.service.name = null
	sasl.kerberos.ticket.renew.jitter = 0.05
	sasl.kerberos.ticket.renew.window.factor = 0.8
	sasl.login.callback.handler.class = null
	sasl.login.class = null
	sasl.login.connect.timeout.ms = null
	sasl.login.read.timeout.ms = null
	sasl.login.refresh.buffer.seconds = 300
	sasl.login.refresh.min.period.seconds = 60
	sasl.login.refresh.window.factor = 0.8
	sasl.login.refresh.window.jitter = 0.05
	sasl.login.retry.backoff.max.ms = 10000
	sasl.login.retry.backoff.ms = 100
	sasl.mechanism = GSSAPI
	sasl.oauthbearer.clock.skew.seconds = 30
	sasl.oauthbearer.expected.audience = null
	sasl.oauthbearer.expected.issuer = null
	sasl.oauthbearer.jwks.endpoint.refresh.ms = 3600000
	sasl.oauthbearer.jwks.endpoint.retry.backoff.max.ms = 10000
	sasl.oauthbearer.jwks.endpoint.retry.backoff.ms = 100
	sasl.oauthbearer.jwks.endpoint.url = null
	sasl.oauthbearer.scope.claim.name = scope
	sasl.oauthbearer.sub.claim.name = sub
	sasl.oauthbearer.token.endpoint.url = null
	security.protocol = PLAINTEXT
	security.providers = null
	send.buffer.bytes = 131072
	session.timeout.ms = 45000
	socket.connection.setup.timeout.max.ms = 30000
	socket.connection.setup.timeout.ms = 10000
	ssl.cipher.suites = null
	ssl.enabled.protocols = [TLSv1.2, TLSv1.3]
	ssl.endpoint.identification.algorithm = https
	ssl.engine.factory.class = null
	ssl.key.password = null
	ssl.keymanager.algorithm = SunX509
	ssl.keystore.certificate.chain = null
	ssl.keystore.key = null
	ssl.keystore.location = null
	ssl.keystore.password = null
	ssl.keystore.type = JKS
	ssl.protocol = TLSv1.3
	ssl.provider = null
	ssl.secure.random.implementation = null
	ssl.trustmanager.algorithm = PKIX
	ssl.truststore.certificates = null
	ssl.truststore.location = null
	ssl.truststore.password = null
	ssl.truststore.type = JKS
	value.deserializer = class org.springframework.kafka.support.serializer.JsonDeserializer

2026-05-02T16:19:51.008+05:00  INFO 13400 --- [           main] o.a.kafka.common.utils.AppInfoParser     : Kafka version: 3.6.0
2026-05-02T16:19:51.009+05:00  INFO 13400 --- [           main] o.a.kafka.common.utils.AppInfoParser     : Kafka commitId: 60e845626d8a465a
2026-05-02T16:19:51.010+05:00  INFO 13400 --- [           main] o.a.kafka.common.utils.AppInfoParser     : Kafka startTimeMs: 1777720791008
2026-05-02T16:19:51.012+05:00  INFO 13400 --- [           main] o.a.k.clients.consumer.KafkaConsumer     : [Consumer clientId=consumer-extraction-service-group-2, groupId=extraction-service-group] Subscribed to topic(s): raw-threat-data
2026-05-02T16:19:51.019+05:00  INFO 13400 --- [           main] o.a.k.clients.consumer.ConsumerConfig    : ConsumerConfig values: 
	allow.auto.create.topics = true
	auto.commit.interval.ms = 5000
	auto.include.jmx.reporter = true
	auto.offset.reset = earliest
	bootstrap.servers = [localhost:9092]
	check.crcs = true
	client.dns.lookup = use_all_dns_ips
	client.id = consumer-extraction-service-group-3
	client.rack = 
	connections.max.idle.ms = 540000
	default.api.timeout.ms = 60000
	enable.auto.commit = false
	exclude.internal.topics = true
	fetch.max.bytes = 52428800
	fetch.max.wait.ms = 500
	fetch.min.bytes = 1
	group.id = extraction-service-group
	group.instance.id = null
	heartbeat.interval.ms = 3000
	interceptor.classes = []
	internal.leave.group.on.close = true
	internal.throw.on.fetch.stable.offset.unsupported = false
	isolation.level = read_uncommitted
	key.deserializer = class org.apache.kafka.common.serialization.StringDeserializer
	max.partition.fetch.bytes = 1048576
	max.poll.interval.ms = 300000
	max.poll.records = 500
	metadata.max.age.ms = 300000
	metric.reporters = []
	metrics.num.samples = 2
	metrics.recording.level = INFO
	metrics.sample.window.ms = 30000
	partition.assignment.strategy = [class org.apache.kafka.clients.consumer.RangeAssignor, class org.apache.kafka.clients.consumer.CooperativeStickyAssignor]
	receive.buffer.bytes = 65536
	reconnect.backoff.max.ms = 1000
	reconnect.backoff.ms = 50
	request.timeout.ms = 30000
	retry.backoff.ms = 100
	sasl.client.callback.handler.class = null
	sasl.jaas.config = null
	sasl.kerberos.kinit.cmd = /usr/bin/kinit
	sasl.kerberos.min.time.before.relogin = 60000
	sasl.kerberos.service.name = null
	sasl.kerberos.ticket.renew.jitter = 0.05
	sasl.kerberos.ticket.renew.window.factor = 0.8
	sasl.login.callback.handler.class = null
	sasl.login.class = null
	sasl.login.connect.timeout.ms = null
	sasl.login.read.timeout.ms = null
	sasl.login.refresh.buffer.seconds = 300
	sasl.login.refresh.min.period.seconds = 60
	sasl.login.refresh.window.factor = 0.8
	sasl.login.refresh.window.jitter = 0.05
	sasl.login.retry.backoff.max.ms = 10000
	sasl.login.retry.backoff.ms = 100
	sasl.mechanism = GSSAPI
	sasl.oauthbearer.clock.skew.seconds = 30
	sasl.oauthbearer.expected.audience = null
	sasl.oauthbearer.expected.issuer = null
	sasl.oauthbearer.jwks.endpoint.refresh.ms = 3600000
	sasl.oauthbearer.jwks.endpoint.retry.backoff.max.ms = 10000
	sasl.oauthbearer.jwks.endpoint.retry.backoff.ms = 100
	sasl.oauthbearer.jwks.endpoint.url = null
	sasl.oauthbearer.scope.claim.name = scope
	sasl.oauthbearer.sub.claim.name = sub
	sasl.oauthbearer.token.endpoint.url = null
	security.protocol = PLAINTEXT
	security.providers = null
	send.buffer.bytes = 131072
	session.timeout.ms = 45000
	socket.connection.setup.timeout.max.ms = 30000
	socket.connection.setup.timeout.ms = 10000
	ssl.cipher.suites = null
	ssl.enabled.protocols = [TLSv1.2, TLSv1.3]
	ssl.endpoint.identification.algorithm = https
	ssl.engine.factory.class = null
	ssl.key.password = null
	ssl.keymanager.algorithm = SunX509
	ssl.keystore.certificate.chain = null
	ssl.keystore.key = null
	ssl.keystore.location = null
	ssl.keystore.password = null
	ssl.keystore.type = JKS
	ssl.protocol = TLSv1.3
	ssl.provider = null
	ssl.secure.random.implementation = null
	ssl.trustmanager.algorithm = PKIX
	ssl.truststore.certificates = null
	ssl.truststore.location = null
	ssl.truststore.password = null
	ssl.truststore.type = JKS
	value.deserializer = class org.springframework.kafka.support.serializer.JsonDeserializer

2026-05-02T16:19:51.050+05:00  INFO 13400 --- [           main] o.a.kafka.common.utils.AppInfoParser     : Kafka version: 3.6.0
2026-05-02T16:19:51.052+05:00  INFO 13400 --- [           main] o.a.kafka.common.utils.AppInfoParser     : Kafka commitId: 60e845626d8a465a
2026-05-02T16:19:51.052+05:00  INFO 13400 --- [           main] o.a.kafka.common.utils.AppInfoParser     : Kafka startTimeMs: 1777720791050
2026-05-02T16:19:51.053+05:00  INFO 13400 --- [           main] o.a.k.clients.consumer.KafkaConsumer     : [Consumer clientId=consumer-extraction-service-group-3, groupId=extraction-service-group] Subscribed to topic(s): raw-threat-data
2026-05-02T16:19:51.116+05:00  INFO 13400 --- [           main] c.t.e.ExtractionServiceApplicationTests  : Started ExtractionServiceApplicationTests in 9.894 seconds (process running for 14.948)
2026-05-02T16:19:52.672+05:00  INFO 13400 --- [ntainer#0-2-C-1] org.apache.kafka.clients.Metadata        : [Consumer clientId=consumer-extraction-service-group-3, groupId=extraction-service-group] Cluster ID: _BvJooLiQQKCityfkJ_suA
2026-05-02T16:19:52.672+05:00  INFO 13400 --- [ntainer#0-0-C-1] org.apache.kafka.clients.Metadata        : [Consumer clientId=consumer-extraction-service-group-1, groupId=extraction-service-group] Cluster ID: _BvJooLiQQKCityfkJ_suA
2026-05-02T16:19:52.673+05:00  INFO 13400 --- [ntainer#0-1-C-1] org.apache.kafka.clients.Metadata        : [Consumer clientId=consumer-extraction-service-group-2, groupId=extraction-service-group] Cluster ID: _BvJooLiQQKCityfkJ_suA
2026-05-02T16:19:54.040+05:00  INFO 13400 --- [ntainer#0-1-C-1] o.a.k.c.c.internals.ConsumerCoordinator  : [Consumer clientId=consumer-extraction-service-group-2, groupId=extraction-service-group] Discovered group coordinator localhost:9092 (id: 2147482646 rack: null)
2026-05-02T16:19:54.048+05:00  INFO 13400 --- [ntainer#0-0-C-1] o.a.k.c.c.internals.ConsumerCoordinator  : [Consumer clientId=consumer-extraction-service-group-1, groupId=extraction-service-group] Discovered group coordinator localhost:9092 (id: 2147482646 rack: null)
2026-05-02T16:19:54.054+05:00  INFO 13400 --- [ntainer#0-1-C-1] o.a.k.c.c.internals.ConsumerCoordinator  : [Consumer clientId=consumer-extraction-service-group-2, groupId=extraction-service-group] (Re-)joining group
2026-05-02T16:19:54.058+05:00  INFO 13400 --- [ntainer#0-0-C-1] o.a.k.c.c.internals.ConsumerCoordinator  : [Consumer clientId=consumer-extraction-service-group-1, groupId=extraction-service-group] (Re-)joining group
2026-05-02T16:19:54.097+05:00  INFO 13400 --- [ntainer#0-2-C-1] o.a.k.c.c.internals.ConsumerCoordinator  : [Consumer clientId=consumer-extraction-service-group-3, groupId=extraction-service-group] Discovered group coordinator localhost:9092 (id: 2147482646 rack: null)
2026-05-02T16:19:54.100+05:00  INFO 13400 --- [ntainer#0-2-C-1] o.a.k.c.c.internals.ConsumerCoordinator  : [Consumer clientId=consumer-extraction-service-group-3, groupId=extraction-service-group] (Re-)joining group
2026-05-02T16:19:54.179+05:00  INFO 13400 --- [ntainer#0-0-C-1] o.a.k.c.c.internals.ConsumerCoordinator  : [Consumer clientId=consumer-extraction-service-group-1, groupId=extraction-service-group] Request joining group due to: need to re-join with the given member-id: consumer-extraction-service-group-1-a832b215-507b-476d-b2fd-1a2815429341
2026-05-02T16:19:54.180+05:00  INFO 13400 --- [ntainer#0-0-C-1] o.a.k.c.c.internals.ConsumerCoordinator  : [Consumer clientId=consumer-extraction-service-group-1, groupId=extraction-service-group] Request joining group due to: rebalance failed due to 'The group member needs to have a valid member id before actually entering a consumer group.' (MemberIdRequiredException)
2026-05-02T16:19:54.181+05:00  INFO 13400 --- [ntainer#0-0-C-1] o.a.k.c.c.internals.ConsumerCoordinator  : [Consumer clientId=consumer-extraction-service-group-1, groupId=extraction-service-group] (Re-)joining group
2026-05-02T16:19:54.184+05:00  INFO 13400 --- [ntainer#0-2-C-1] o.a.k.c.c.internals.ConsumerCoordinator  : [Consumer clientId=consumer-extraction-service-group-3, groupId=extraction-service-group] Request joining group due to: need to re-join with the given member-id: consumer-extraction-service-group-3-e82a96bc-d1f9-4c3f-95f7-e338777976e6
2026-05-02T16:19:54.185+05:00  INFO 13400 --- [ntainer#0-2-C-1] o.a.k.c.c.internals.ConsumerCoordinator  : [Consumer clientId=consumer-extraction-service-group-3, groupId=extraction-service-group] Request joining group due to: rebalance failed due to 'The group member needs to have a valid member id before actually entering a consumer group.' (MemberIdRequiredException)
2026-05-02T16:19:54.186+05:00  INFO 13400 --- [ntainer#0-2-C-1] o.a.k.c.c.internals.ConsumerCoordinator  : [Consumer clientId=consumer-extraction-service-group-3, groupId=extraction-service-group] (Re-)joining group
2026-05-02T16:19:54.194+05:00  INFO 13400 --- [ntainer#0-1-C-1] o.a.k.c.c.internals.ConsumerCoordinator  : [Consumer clientId=consumer-extraction-service-group-2, groupId=extraction-service-group] Request joining group due to: need to re-join with the given member-id: consumer-extraction-service-group-2-7f7b65a5-eef3-4d33-b842-8bfbf2f3f7d2
2026-05-02T16:19:54.195+05:00  INFO 13400 --- [ntainer#0-1-C-1] o.a.k.c.c.internals.ConsumerCoordinator  : [Consumer clientId=consumer-extraction-service-group-2, groupId=extraction-service-group] Request joining group due to: rebalance failed due to 'The group member needs to have a valid member id before actually entering a consumer group.' (MemberIdRequiredException)
2026-05-02T16:19:54.196+05:00  INFO 13400 --- [ntainer#0-1-C-1] o.a.k.c.c.internals.ConsumerCoordinator  : [Consumer clientId=consumer-extraction-service-group-2, groupId=extraction-service-group] (Re-)joining group
2026-05-02T16:19:54.275+05:00  INFO 13400 --- [ntainer#0-2-C-1] o.a.k.c.c.internals.ConsumerCoordinator  : [Consumer clientId=consumer-extraction-service-group-3, groupId=extraction-service-group] Successfully joined group with generation Generation{generationId=1, memberId='consumer-extraction-service-group-3-e82a96bc-d1f9-4c3f-95f7-e338777976e6', protocol='range'}
2026-05-02T16:19:54.277+05:00  INFO 13400 --- [ntainer#0-0-C-1] o.a.k.c.c.internals.ConsumerCoordinator  : [Consumer clientId=consumer-extraction-service-group-1, groupId=extraction-service-group] Successfully joined group with generation Generation{generationId=1, memberId='consumer-extraction-service-group-1-a832b215-507b-476d-b2fd-1a2815429341', protocol='range'}
2026-05-02T16:19:54.277+05:00  INFO 13400 --- [ntainer#0-1-C-1] o.a.k.c.c.internals.ConsumerCoordinator  : [Consumer clientId=consumer-extraction-service-group-2, groupId=extraction-service-group] Successfully joined group with generation Generation{generationId=1, memberId='consumer-extraction-service-group-2-7f7b65a5-eef3-4d33-b842-8bfbf2f3f7d2', protocol='range'}
2026-05-02T16:19:54.331+05:00  INFO 13400 --- [ntainer#0-2-C-1] o.a.k.c.c.internals.ConsumerCoordinator  : [Consumer clientId=consumer-extraction-service-group-3, groupId=extraction-service-group] Finished assignment for group at generation 1: {consumer-extraction-service-group-3-e82a96bc-d1f9-4c3f-95f7-e338777976e6=Assignment(partitions=[]), consumer-extraction-service-group-2-7f7b65a5-eef3-4d33-b842-8bfbf2f3f7d2=Assignment(partitions=[]), consumer-extraction-service-group-1-a832b215-507b-476d-b2fd-1a2815429341=Assignment(partitions=[raw-threat-data-0])}
2026-05-02T16:19:54.520+05:00  INFO 13400 --- [ntainer#0-2-C-1] o.a.k.c.c.internals.ConsumerCoordinator  : [Consumer clientId=consumer-extraction-service-group-3, groupId=extraction-service-group] Successfully synced group in generation Generation{generationId=1, memberId='consumer-extraction-service-group-3-e82a96bc-d1f9-4c3f-95f7-e338777976e6', protocol='range'}
2026-05-02T16:19:54.522+05:00  INFO 13400 --- [ntainer#0-0-C-1] o.a.k.c.c.internals.ConsumerCoordinator  : [Consumer clientId=consumer-extraction-service-group-1, groupId=extraction-service-group] Successfully synced group in generation Generation{generationId=1, memberId='consumer-extraction-service-group-1-a832b215-507b-476d-b2fd-1a2815429341', protocol='range'}
2026-05-02T16:19:54.524+05:00  INFO 13400 --- [ntainer#0-1-C-1] o.a.k.c.c.internals.ConsumerCoordinator  : [Consumer clientId=consumer-extraction-service-group-2, groupId=extraction-service-group] Successfully synced group in generation Generation{generationId=1, memberId='consumer-extraction-service-group-2-7f7b65a5-eef3-4d33-b842-8bfbf2f3f7d2', protocol='range'}
2026-05-02T16:19:54.524+05:00  INFO 13400 --- [ntainer#0-0-C-1] o.a.k.c.c.internals.ConsumerCoordinator  : [Consumer clientId=consumer-extraction-service-group-1, groupId=extraction-service-group] Notifying assignor about the new Assignment(partitions=[raw-threat-data-0])
2026-05-02T16:19:54.525+05:00  INFO 13400 --- [ntainer#0-2-C-1] o.a.k.c.c.internals.ConsumerCoordinator  : [Consumer clientId=consumer-extraction-service-group-3, groupId=extraction-service-group] Notifying assignor about the new Assignment(partitions=[])
2026-05-02T16:19:54.526+05:00  INFO 13400 --- [ntainer#0-1-C-1] o.a.k.c.c.internals.ConsumerCoordinator  : [Consumer clientId=consumer-extraction-service-group-2, groupId=extraction-service-group] Notifying assignor about the new Assignment(partitions=[])
2026-05-02T16:19:54.527+05:00  INFO 13400 --- [ntainer#0-2-C-1] o.a.k.c.c.internals.ConsumerCoordinator  : [Consumer clientId=consumer-extraction-service-group-3, groupId=extraction-service-group] Adding newly assigned partitions: 
2026-05-02T16:19:54.528+05:00  INFO 13400 --- [ntainer#0-1-C-1] o.a.k.c.c.internals.ConsumerCoordinator  : [Consumer clientId=consumer-extraction-service-group-2, groupId=extraction-service-group] Adding newly assigned partitions: 
2026-05-02T16:19:54.533+05:00  INFO 13400 --- [ntainer#0-1-C-1] o.s.k.l.KafkaMessageListenerContainer    : extraction-service-group: partitions assigned: []
2026-05-02T16:19:54.535+05:00  INFO 13400 --- [ntainer#0-2-C-1] o.s.k.l.KafkaMessageListenerContainer    : extraction-service-group: partitions assigned: []
2026-05-02T16:19:54.545+05:00  INFO 13400 --- [ntainer#0-0-C-1] o.a.k.c.c.internals.ConsumerCoordinator  : [Consumer clientId=consumer-extraction-service-group-1, groupId=extraction-service-group] Adding newly assigned partitions: raw-threat-data-0
2026-05-02T16:19:54.587+05:00  INFO 13400 --- [ntainer#0-0-C-1] o.a.k.c.c.internals.ConsumerCoordinator  : [Consumer clientId=consumer-extraction-service-group-1, groupId=extraction-service-group] Found no committed offset for partition raw-threat-data-0
2026-05-02T16:19:54.632+05:00  INFO 13400 --- [ntainer#0-0-C-1] o.a.k.c.c.internals.SubscriptionState    : [Consumer clientId=consumer-extraction-service-group-1, groupId=extraction-service-group] Resetting offset for partition raw-threat-data-0 to position FetchPosition{offset=0, offsetEpoch=Optional.empty, currentLeader=LeaderAndEpoch{leader=Optional[localhost:9092 (id: 1001 rack: null)], epoch=0}}.
2026-05-02T16:19:54.635+05:00  INFO 13400 --- [ntainer#0-0-C-1] o.s.k.l.KafkaMessageListenerContainer    : extraction-service-group: partitions assigned: [raw-threat-data-0]
]]></system-out>
  </testcase>
</testsuite>